<?xml version="1.0" encoding="UTF-8"?>
<coverage generated="1780862103542" clover="3.2.0">
  <project timestamp="1780862103542" name="All files">
    <metrics statements="101" coveredstatements="80" conditionals="34" coveredconditionals="19" methods="34" coveredmethods="29" elements="169" coveredelements="128" complexity="0" loc="101" ncloc="101" packages="8" files="14" classes="14"/>
    <package name="src">
      <metrics statements="1" coveredstatements="1" conditionals="0" coveredconditionals="0" methods="1" coveredmethods="1"/>
      <file name="App.css" path="C:\Users\Natasha\Desktop\Forms\src\App.css">
        <metrics statements="0" coveredstatements="0" conditionals="0" coveredconditionals="0" methods="0" coveredmethods="0"/>
      </file>
      <file name="App.tsx" path="C:\Users\Natasha\Desktop\Forms\src\App.tsx">
        <metrics statements="1" coveredstatements="1" conditionals="0" coveredconditionals="0" methods="1" coveredmethods="1"/>
        <line num="6" count="3" type="stmt"/>
      </file>
    </package>
    <package name="src.components">
      <metrics statements="1" coveredstatements="1" conditionals="0" coveredconditionals="0" methods="1" coveredmethods="1"/>
      <file name="Header.tsx" path="C:\Users\Natasha\Desktop\Forms\src\components\Header.tsx">
        <metrics statements="1" coveredstatements="1" conditionals="0" coveredconditionals="0" methods="1" coveredmethods="1"/>
        <line num="2" count="3" type="stmt"/>
      </file>
    </package>
    <package name="src.components.forms">
      <metrics statements="54" coveredstatements="39" conditionals="18" coveredconditionals="8" methods="10" coveredmethods="10"/>
      <file name="RHFForm.tsx" path="C:\Users\Natasha\Desktop\Forms\src\components\forms\RHFForm.tsx">
        <metrics statements="20" coveredstatements="16" conditionals="6" coveredconditionals="3" methods="5" coveredmethods="5"/>
        <line num="15" count="13" type="stmt"/>
        <line num="16" count="10" type="stmt"/>
        <line num="21" count="10" type="stmt"/>
        <line num="28" count="10" type="stmt"/>
        <line num="30" count="1" type="stmt"/>
        <line num="32" count="1" type="cond" truecount="1" falsecount="1"/>
        <line num="34" count="1" type="cond" truecount="1" falsecount="1"/>
        <line num="35" count="0" type="stmt"/>
        <line num="36" count="0" type="stmt"/>
        <line num="39" count="1" type="cond" truecount="1" falsecount="1"/>
        <line num="40" count="0" type="stmt"/>
        <line num="41" count="0" type="stmt"/>
        <line num="44" count="1" type="stmt"/>
        <line num="46" count="1" type="stmt"/>
        <line num="51" count="10" type="stmt"/>
        <line num="53" count="10" type="stmt"/>
        <line num="54" count="1" type="stmt"/>
        <line num="61" count="1" type="stmt"/>
        <line num="64" count="10" type="stmt"/>
        <line num="100" count="160" type="stmt"/>
      </file>
      <file name="UncontrolledForm.tsx" path="C:\Users\Natasha\Desktop\Forms\src\components\forms\UncontrolledForm.tsx">
        <metrics statements="34" coveredstatements="23" conditionals="12" coveredconditionals="5" methods="5" coveredmethods="5"/>
        <line num="14" count="4" type="stmt"/>
        <line num="16" count="4" type="stmt"/>
        <line num="18" count="4" type="stmt"/>
        <line num="19" count="4" type="stmt"/>
        <line num="21" count="4" type="stmt"/>
        <line num="22" count="1" type="stmt"/>
        <line num="24" count="1" type="stmt"/>
        <line num="28" count="1" type="stmt"/>
        <line num="30" count="1" type="stmt"/>
        <line num="32" count="1" type="stmt"/>
        <line num="37" count="1" type="cond" truecount="3" falsecount="1"/>
        <line num="38" count="0" type="cond" truecount="0" falsecount="2"/>
        <line num="39" count="0" type="stmt"/>
        <line num="43" count="0" type="stmt"/>
        <line num="46" count="0" type="cond" truecount="0" falsecount="2"/>
        <line num="47" count="0" type="stmt"/>
        <line num="50" count="0" type="stmt"/>
        <line num="53" count="0" type="stmt"/>
        <line num="56" count="1" type="stmt"/>
        <line num="68" count="1" type="stmt"/>
        <line num="70" count="1" type="cond" truecount="1" falsecount="1"/>
        <line num="74" count="1" type="stmt"/>
        <line num="76" count="1" type="stmt"/>
        <line num="79" count="8" type="stmt"/>
        <line num="81" count="8" type="cond" truecount="1" falsecount="1"/>
        <line num="85" count="8" type="stmt"/>
        <line num="91" count="1" type="stmt"/>
        <line num="92" count="1" type="stmt"/>
        <line num="95" count="0" type="stmt"/>
        <line num="97" count="0" type="stmt"/>
        <line num="105" count="0" type="stmt"/>
        <line num="106" count="0" type="stmt"/>
        <line num="109" count="4" type="stmt"/>
        <line num="144" count="19" type="stmt"/>
      </file>
    </package>
    <package name="src.components.main">
      <metrics statements="9" coveredstatements="5" conditionals="8" coveredconditionals="6" methods="8" coveredmethods="4"/>
      <file name="Main.tsx" path="C:\Users\Natasha\Desktop\Forms\src\components\main\Main.tsx">
        <metrics statements="9" coveredstatements="5" conditionals="8" coveredconditionals="6" methods="8" coveredmethods="4"/>
        <line num="11" count="9" type="stmt"/>
        <line num="13" count="16" type="stmt"/>
        <line num="17" count="9" type="stmt"/>
        <line num="20" count="1" type="stmt"/>
        <line num="21" count="1" type="stmt"/>
        <line num="27" count="0" type="stmt"/>
        <line num="52" count="0" type="stmt"/>
        <line num="55" count="0" type="stmt"/>
        <line num="57" count="0" type="stmt"/>
      </file>
      <file name="main.css" path="C:\Users\Natasha\Desktop\Forms\src\components\main\main.css">
        <metrics statements="0" coveredstatements="0" conditionals="0" coveredconditionals="0" methods="0" coveredmethods="0"/>
      </file>
    </package>
    <package name="src.components.modal">
      <metrics statements="10" coveredstatements="8" conditionals="2" coveredconditionals="0" methods="5" coveredmethods="4"/>
      <file name="Modal.tsx" path="C:\Users\Natasha\Desktop\Forms\src\components\modal\Modal.tsx">
        <metrics statements="10" coveredstatements="8" conditionals="2" coveredconditionals="0" methods="5" coveredmethods="4"/>
        <line num="11" count="3" type="stmt"/>
        <line num="14" count="5" type="stmt"/>
        <line num="15" count="5" type="stmt"/>
        <line num="16" count="0" type="cond" truecount="0" falsecount="2"/>
        <line num="17" count="0" type="stmt"/>
        <line num="21" count="5" type="stmt"/>
        <line num="23" count="5" type="stmt"/>
        <line num="24" count="5" type="stmt"/>
        <line num="28" count="5" type="stmt"/>
        <line num="30" count="1" type="stmt"/>
      </file>
      <file name="modal.css" path="C:\Users\Natasha\Desktop\Forms\src\components\modal\modal.css">
        <metrics statements="0" coveredstatements="0" conditionals="0" coveredconditionals="0" methods="0" coveredmethods="0"/>
      </file>
    </package>
    <package name="src.store">
      <metrics statements="7" coveredstatements="7" conditionals="0" coveredconditionals="0" methods="1" coveredmethods="1"/>
      <file name="countrySlice.ts" path="C:\Users\Natasha\Desktop\Forms\src\store\countrySlice.ts">
        <metrics statements="2" coveredstatements="2" conditionals="0" coveredconditionals="0" methods="0" coveredmethods="0"/>
        <line num="7" count="3" type="stmt"/>
        <line num="28" count="3" type="stmt"/>
      </file>
      <file name="formSlice.ts" path="C:\Users\Natasha\Desktop\Forms\src\store\formSlice.ts">
        <metrics statements="4" coveredstatements="4" conditionals="0" coveredconditionals="0" methods="1" coveredmethods="1"/>
        <line num="15" count="5" type="stmt"/>
        <line num="19" count="5" type="stmt"/>
        <line num="24" count="2" type="stmt"/>
        <line num="29" count="5" type="stmt"/>
      </file>
      <file name="store.ts" path="C:\Users\Natasha\Desktop\Forms\src\store\store.ts">
        <metrics statements="1" coveredstatements="1" conditionals="0" coveredconditionals="0" methods="0" coveredmethods="0"/>
        <line num="5" count="3" type="stmt"/>
      </file>
    </package>
    <package name="src.utils">
      <metrics statements="6" coveredstatements="6" conditionals="0" coveredconditionals="0" methods="3" coveredmethods="3"/>
      <file name="toBase64.ts" path="C:\Users\Natasha\Desktop\Forms\src\utils\toBase64.ts">
        <metrics statements="6" coveredstatements="6" conditionals="0" coveredconditionals="0" methods="3" coveredmethods="3"/>
        <line num="1" count="4" type="stmt"/>
        <line num="2" count="1" type="stmt"/>
        <line num="3" count="1" type="stmt"/>
        <line num="5" count="1" type="stmt"/>
        <line num="7" count="1" type="stmt"/>
        <line num="8" count="1" type="stmt"/>
      </file>
    </package>
    <package name="src.validation">
      <metrics statements="13" coveredstatements="13" conditionals="6" coveredconditionals="5" methods="5" coveredmethods="5"/>
      <file name="validation.ts" path="C:\Users\Natasha\Desktop\Forms\src\validation\validation.ts">
        <metrics statements="13" coveredstatements="13" conditionals="6" coveredconditionals="5" methods="5" coveredmethods="5"/>
        <line num="3" count="5" type="stmt"/>
        <line num="6" count="15" type="stmt"/>
        <line num="13" count="55" type="stmt"/>
        <line num="30" count="55" type="stmt"/>
        <line num="32" count="55" type="cond" truecount="2" falsecount="0"/>
        <line num="33" count="14" type="stmt"/>
        <line num="36" count="41" type="stmt"/>
        <line num="38" count="41" type="cond" truecount="1" falsecount="1"/>
        <line num="40" count="41" type="cond" truecount="2" falsecount="0"/>
        <line num="41" count="5" type="stmt"/>
        <line num="43" count="36" type="stmt"/>
        <line num="55" count="55" type="stmt"/>
        <line num="81" count="7" type="stmt"/>
      </file>
    </package>
  </project>
</coverage>
