<?xml version="1.0" encoding="UTF-8"?>
<coverage generated="1780862938021" clover="3.2.0">
  <project timestamp="1780862938021" name="All files">
    <metrics statements="110" coveredstatements="83" conditionals="42" coveredconditionals="20" methods="42" coveredmethods="31" elements="194" coveredelements="134" complexity="0" loc="110" ncloc="110" packages="9" files="16" classes="16"/>
    <package name="src">
      <metrics statements="1" coveredstatements="1" conditionals="0" coveredconditionals="0" methods="1" coveredmethods="1"/>
      <file name="App.css" path="C:\Users\Natasha\Desktop\Forms\src\App.css">
        <metrics statements="0" coveredstatements="0" conditionals="0" coveredconditionals="0" methods="0" coveredmethods="0"/>
      </file>
      <file name="App.tsx" path="C:\Users\Natasha\Desktop\Forms\src\App.tsx">
        <metrics statements="1" coveredstatements="1" conditionals="0" coveredconditionals="0" methods="1" coveredmethods="1"/>
        <line num="6" count="3" type="stmt"/>
      </file>
    </package>
    <package name="src.components">
      <metrics statements="1" coveredstatements="1" conditionals="0" coveredconditionals="0" methods="1" coveredmethods="1"/>
      <file name="Header.tsx" path="C:\Users\Natasha\Desktop\Forms\src\components\Header.tsx">
        <metrics statements="1" coveredstatements="1" conditionals="0" coveredconditionals="0" methods="1" coveredmethods="1"/>
        <line num="2" count="3" type="stmt"/>
      </file>
    </package>
    <package name="src.components.Main">
      <metrics statements="9" coveredstatements="5" conditionals="8" coveredconditionals="6" methods="8" coveredmethods="4"/>
      <file name="Main.tsx" path="C:\Users\Natasha\Desktop\Forms\src\components\Main\Main.tsx">
        <metrics statements="9" coveredstatements="5" conditionals="8" coveredconditionals="6" methods="8" coveredmethods="4"/>
        <line num="10" count="6" type="stmt"/>
        <line num="14" count="10" type="stmt"/>
        <line num="16" count="6" type="stmt"/>
        <line num="19" count="1" type="stmt"/>
        <line num="22" count="1" type="stmt"/>
        <line num="28" count="0" type="stmt"/>
        <line num="65" count="0" type="stmt"/>
        <line num="68" count="0" type="stmt"/>
        <line num="70" count="0" type="stmt"/>
      </file>
      <file name="main.css" path="C:\Users\Natasha\Desktop\Forms\src\components\Main\main.css">
        <metrics statements="0" coveredstatements="0" conditionals="0" coveredconditionals="0" methods="0" coveredmethods="0"/>
      </file>
    </package>
    <package name="src.components.Modal">
      <metrics statements="10" coveredstatements="8" conditionals="2" coveredconditionals="0" methods="5" coveredmethods="4"/>
      <file name="Modal.tsx" path="C:\Users\Natasha\Desktop\Forms\src\components\Modal\Modal.tsx">
        <metrics statements="10" coveredstatements="8" conditionals="2" coveredconditionals="0" methods="5" coveredmethods="4"/>
        <line num="11" count="3" type="stmt"/>
        <line num="14" count="5" type="stmt"/>
        <line num="15" count="5" type="stmt"/>
        <line num="16" count="0" type="cond" truecount="0" falsecount="2"/>
        <line num="17" count="0" type="stmt"/>
        <line num="21" count="5" type="stmt"/>
        <line num="23" count="5" type="stmt"/>
        <line num="24" count="5" type="stmt"/>
        <line num="28" count="5" type="stmt"/>
        <line num="30" count="1" type="stmt"/>
      </file>
      <file name="modal.css" path="C:\Users\Natasha\Desktop\Forms\src\components\Modal\modal.css">
        <metrics statements="0" coveredstatements="0" conditionals="0" coveredconditionals="0" methods="0" coveredmethods="0"/>
      </file>
    </package>
    <package name="src.components.forms">
      <metrics statements="56" coveredstatements="41" conditionals="18" coveredconditionals="8" methods="10" coveredmethods="10"/>
      <file name="RHFForm.tsx" path="C:\Users\Natasha\Desktop\Forms\src\components\forms\RHFForm.tsx">
        <metrics statements="21" coveredstatements="17" conditionals="6" coveredconditionals="3" methods="5" coveredmethods="5"/>
        <line num="15" count="10" type="stmt"/>
        <line num="16" count="13" type="stmt"/>
        <line num="18" count="10" type="stmt"/>
        <line num="23" count="10" type="stmt"/>
        <line num="29" count="10" type="stmt"/>
        <line num="30" count="1" type="stmt"/>
        <line num="32" count="1" type="cond" truecount="1" falsecount="1"/>
        <line num="34" count="1" type="cond" truecount="1" falsecount="1"/>
        <line num="35" count="0" type="stmt"/>
        <line num="36" count="0" type="stmt"/>
        <line num="39" count="1" type="cond" truecount="1" falsecount="1"/>
        <line num="40" count="0" type="stmt"/>
        <line num="41" count="0" type="stmt"/>
        <line num="44" count="1" type="stmt"/>
        <line num="46" count="1" type="stmt"/>
        <line num="51" count="10" type="stmt"/>
        <line num="53" count="10" type="stmt"/>
        <line num="54" count="1" type="stmt"/>
        <line num="61" count="1" type="stmt"/>
        <line num="64" count="10" type="stmt"/>
        <line num="103" count="160" type="stmt"/>
      </file>
      <file name="UncontrolledForm.tsx" path="C:\Users\Natasha\Desktop\Forms\src\components\forms\UncontrolledForm.tsx">
        <metrics statements="35" coveredstatements="24" conditionals="12" coveredconditionals="5" methods="5" coveredmethods="5"/>
        <line num="14" count="4" type="stmt"/>
        <line num="16" count="4" type="stmt"/>
        <line num="18" count="4" type="stmt"/>
        <line num="19" count="2" type="stmt"/>
        <line num="21" count="4" type="stmt"/>
        <line num="23" count="4" type="stmt"/>
        <line num="24" count="1" type="stmt"/>
        <line num="26" count="1" type="stmt"/>
        <line num="28" count="1" type="stmt"/>
        <line num="30" count="1" type="stmt"/>
        <line num="32" count="1" type="stmt"/>
        <line num="34" count="1" type="cond" truecount="3" falsecount="1"/>
        <line num="35" count="0" type="cond" truecount="0" falsecount="2"/>
        <line num="36" count="0" type="stmt"/>
        <line num="39" count="0" type="stmt"/>
        <line num="42" count="0" type="cond" truecount="0" falsecount="2"/>
        <line num="43" count="0" type="stmt"/>
        <line num="46" count="0" type="stmt"/>
        <line num="49" count="0" type="stmt"/>
        <line num="52" count="1" type="stmt"/>
        <line num="64" count="1" type="stmt"/>
        <line num="66" count="1" type="cond" truecount="1" falsecount="1"/>
        <line num="67" count="1" type="stmt"/>
        <line num="69" count="1" type="stmt"/>
        <line num="70" count="8" type="stmt"/>
        <line num="72" count="8" type="cond" truecount="1" falsecount="1"/>
        <line num="73" count="8" type="stmt"/>
        <line num="77" count="1" type="stmt"/>
        <line num="78" count="1" type="stmt"/>
        <line num="81" count="0" type="stmt"/>
        <line num="83" count="0" type="stmt"/>
        <line num="91" count="0" type="stmt"/>
        <line num="92" count="0" type="stmt"/>
        <line num="95" count="4" type="stmt"/>
        <line num="130" count="19" type="stmt"/>
      </file>
    </package>
    <package name="src.components.main">
      <metrics statements="9" coveredstatements="3" conditionals="8" coveredconditionals="1" methods="8" coveredmethods="2"/>
      <file name="Main.tsx" path="C:\Users\Natasha\Desktop\Forms\src\components\main\Main.tsx">
        <metrics statements="9" coveredstatements="3" conditionals="8" coveredconditionals="1" methods="8" coveredmethods="2"/>
        <line num="10" count="3" type="stmt"/>
        <line num="14" count="6" type="stmt"/>
        <line num="16" count="3" type="stmt"/>
        <line num="19" count="0" type="stmt"/>
        <line num="22" count="0" type="stmt"/>
        <line num="28" count="0" type="stmt"/>
        <line num="65" count="0" type="stmt"/>
        <line num="68" count="0" type="stmt"/>
        <line num="70" count="0" type="stmt"/>
      </file>
      <file name="main.css" path="C:\Users\Natasha\Desktop\Forms\src\components\main\main.css">
        <metrics statements="0" coveredstatements="0" conditionals="0" coveredconditionals="0" methods="0" coveredmethods="0"/>
      </file>
    </package>
    <package name="src.store">
      <metrics statements="7" coveredstatements="7" conditionals="0" coveredconditionals="0" methods="1" coveredmethods="1"/>
      <file name="countrySlice.ts" path="C:\Users\Natasha\Desktop\Forms\src\store\countrySlice.ts">
        <metrics statements="2" coveredstatements="2" conditionals="0" coveredconditionals="0" methods="0" coveredmethods="0"/>
        <line num="7" count="3" type="stmt"/>
        <line num="28" count="3" type="stmt"/>
      </file>
      <file name="formSlice.ts" path="C:\Users\Natasha\Desktop\Forms\src\store\formSlice.ts">
        <metrics statements="4" coveredstatements="4" conditionals="0" coveredconditionals="0" methods="1" coveredmethods="1"/>
        <line num="15" count="5" type="stmt"/>
        <line num="19" count="5" type="stmt"/>
        <line num="24" count="2" type="stmt"/>
        <line num="29" count="5" type="stmt"/>
      </file>
      <file name="store.ts" path="C:\Users\Natasha\Desktop\Forms\src\store\store.ts">
        <metrics statements="1" coveredstatements="1" conditionals="0" coveredconditionals="0" methods="0" coveredmethods="0"/>
        <line num="5" count="3" type="stmt"/>
      </file>
    </package>
    <package name="src.utils">
      <metrics statements="6" coveredstatements="6" conditionals="0" coveredconditionals="0" methods="3" coveredmethods="3"/>
      <file name="toBase64.ts" path="C:\Users\Natasha\Desktop\Forms\src\utils\toBase64.ts">
        <metrics statements="6" coveredstatements="6" conditionals="0" coveredconditionals="0" methods="3" coveredmethods="3"/>
        <line num="1" count="4" type="stmt"/>
        <line num="2" count="1" type="stmt"/>
        <line num="3" count="1" type="stmt"/>
        <line num="5" count="1" type="stmt"/>
        <line num="7" count="1" type="stmt"/>
        <line num="8" count="1" type="stmt"/>
      </file>
    </package>
    <package name="src.validation">
      <metrics statements="11" coveredstatements="11" conditionals="6" coveredconditionals="5" methods="5" coveredmethods="5"/>
      <file name="validation.ts" path="C:\Users\Natasha\Desktop\Forms\src\validation\validation.ts">
        <metrics statements="11" coveredstatements="11" conditionals="6" coveredconditionals="5" methods="5" coveredmethods="5"/>
        <line num="3" count="5" type="stmt"/>
        <line num="4" count="15" type="stmt"/>
        <line num="9" count="55" type="stmt"/>
        <line num="19" count="55" type="stmt"/>
        <line num="21" count="55" type="cond" truecount="2" falsecount="0"/>
        <line num="23" count="41" type="stmt"/>
        <line num="25" count="41" type="cond" truecount="1" falsecount="1"/>
        <line num="27" count="41" type="cond" truecount="2" falsecount="0"/>
        <line num="29" count="36" type="stmt"/>
        <line num="39" count="55" type="stmt"/>
        <line num="57" count="7" type="stmt"/>
      </file>
    </package>
  </project>
</coverage>
