{"C:\\Users\\Natasha\\Desktop\\Forms\\src\\App.css": {"path":"C:\\Users\\Natasha\\Desktop\\Forms\\src\\App.css","statementMap":{},"fnMap":{},"branchMap":{},"s":{},"f":{},"b":{},"meta":{"lastBranch":0,"lastFunction":0,"lastStatement":0,"seen":{}}}
,"C:\\Users\\Natasha\\Desktop\\Forms\\src\\App.tsx": {"path":"C:\\Users\\Natasha\\Desktop\\Forms\\src\\App.tsx","statementMap":{"0":{"start":{"line":6,"column":2},"end":{"line":10,"column":null}}},"fnMap":{"0":{"name":"App","decl":{"start":{"line":5,"column":9},"end":{"line":5,"column":15}},"loc":{"start":{"line":5,"column":15},"end":{"line":12,"column":null}},"line":5}},"branchMap":{},"s":{"0":3},"f":{"0":3},"b":{},"meta":{"lastBranch":0,"lastFunction":1,"lastStatement":1,"seen":{"f:5:9:5:15":0,"s:6:2:10:Infinity":0}}}
,"C:\\Users\\Natasha\\Desktop\\Forms\\src\\components\\Header.tsx": {"path":"C:\\Users\\Natasha\\Desktop\\Forms\\src\\components\\Header.tsx","statementMap":{"0":{"start":{"line":2,"column":2},"end":{"line":5,"column":null}}},"fnMap":{"0":{"name":"Header","decl":{"start":{"line":1,"column":24},"end":{"line":1,"column":33}},"loc":{"start":{"line":1,"column":33},"end":{"line":7,"column":null}},"line":1}},"branchMap":{},"s":{"0":3},"f":{"0":3},"b":{},"meta":{"lastBranch":0,"lastFunction":1,"lastStatement":1,"seen":{"f:1:24:1:33":0,"s:2:2:5:Infinity":0}}}
,"C:\\Users\\Natasha\\Desktop\\Forms\\src\\components\\forms\\RHFForm.tsx": {"path":"C:\\Users\\Natasha\\Desktop\\Forms\\src\\components\\forms\\RHFForm.tsx","statementMap":{"0":{"start":{"line":15,"column":8},"end":{"line":15,"column":null}},"1":{"start":{"line":15,"column":54},"end":{"line":15,"column":79}},"2":{"start":{"line":16,"column":8},"end":{"line":16,"column":null}},"3":{"start":{"line":21,"column":25},"end":{"line":26,"column":null}},"4":{"start":{"line":28,"column":28},"end":{"line":49,"column":null}},"5":{"start":{"line":30,"column":17},"end":{"line":30,"column":null}},"6":{"start":{"line":32,"column":4},"end":{"line":32,"column":null}},"7":{"start":{"line":32,"column":15},"end":{"line":32,"column":null}},"8":{"start":{"line":34,"column":4},"end":{"line":37,"column":null}},"9":{"start":{"line":35,"column":8},"end":{"line":35,"column":null}},"10":{"start":{"line":36,"column":8},"end":{"line":36,"column":null}},"11":{"start":{"line":39,"column":4},"end":{"line":42,"column":null}},"12":{"start":{"line":40,"column":8},"end":{"line":40,"column":null}},"13":{"start":{"line":41,"column":8},"end":{"line":41,"column":null}},"14":{"start":{"line":44,"column":19},"end":{"line":44,"column":null}},"15":{"start":{"line":46,"column":4},"end":{"line":48,"column":null}},"16":{"start":{"line":51,"column":8},"end":{"line":51,"column":null}},"17":{"start":{"line":53,"column":8},"end":{"line":62,"column":null}},"18":{"start":{"line":54,"column":3},"end":{"line":60,"column":null}},"19":{"start":{"line":61,"column":3},"end":{"line":61,"column":null}},"20":{"start":{"line":64,"column":2},"end":{"line":139,"column":null}},"21":{"start":{"line":100,"column":14},"end":{"line":100,"column":null}}},"fnMap":{"0":{"name":"RHFForm","decl":{"start":{"line":14,"column":24},"end":{"line":14,"column":32}},"loc":{"start":{"line":14,"column":54},"end":{"line":141,"column":null}},"line":14},"1":{"name":"(anonymous_1)","decl":{"start":{"line":15,"column":20},"end":{"line":15,"column":33}},"loc":{"start":{"line":15,"column":54},"end":{"line":15,"column":79}},"line":15},"2":{"name":"(anonymous_2)","decl":{"start":{"line":28,"column":28},"end":{"line":28,"column":null}},"loc":{"start":{"line":29,"column":48},"end":{"line":49,"column":null}},"line":29},"3":{"name":"(anonymous_3)","decl":{"start":{"line":53,"column":8},"end":{"line":53,"column":20}},"loc":{"start":{"line":53,"column":41},"end":{"line":62,"column":null}},"line":53},"4":{"name":"(anonymous_4)","decl":{"start":{"line":99,"column":23},"end":{"line":99,"column":28}},"loc":{"start":{"line":100,"column":14},"end":{"line":100,"column":null}},"line":100}},"branchMap":{"0":{"loc":{"start":{"line":32,"column":4},"end":{"line":32,"column":null}},"type":"if","locations":[{"start":{"line":32,"column":4},"end":{"line":32,"column":null}},{"start":{},"end":{}}],"line":32},"1":{"loc":{"start":{"line":34,"column":4},"end":{"line":37,"column":null}},"type":"if","locations":[{"start":{"line":34,"column":4},"end":{"line":37,"column":null}},{"start":{},"end":{}}],"line":34},"2":{"loc":{"start":{"line":39,"column":4},"end":{"line":42,"column":null}},"type":"if","locations":[{"start":{"line":39,"column":4},"end":{"line":42,"column":null}},{"start":{},"end":{}}],"line":39}},"s":{"0":10,"1":13,"2":10,"3":10,"4":10,"5":1,"6":1,"7":0,"8":1,"9":0,"10":0,"11":1,"12":0,"13":0,"14":1,"15":1,"16":10,"17":10,"18":1,"19":1,"20":10,"21":160},"f":{"0":10,"1":13,"2":1,"3":1,"4":160},"b":{"0":[0,1],"1":[0,1],"2":[0,1]},"meta":{"lastBranch":3,"lastFunction":5,"lastStatement":22,"seen":{"f:14:24:14:32":0,"s:15:8:15:Infinity":0,"f:15:20:15:33":1,"s:15:54:15:79":1,"s:16:8:16:Infinity":2,"s:21:25:26:Infinity":3,"s:28:28:49:Infinity":4,"f:28:28:28:Infinity":2,"s:30:17:30:Infinity":5,"b:32:4:32:Infinity:undefined:undefined:undefined:undefined":0,"s:32:4:32:Infinity":6,"s:32:15:32:Infinity":7,"b:34:4:37:Infinity:undefined:undefined:undefined:undefined":1,"s:34:4:37:Infinity":8,"s:35:8:35:Infinity":9,"s:36:8:36:Infinity":10,"b:39:4:42:Infinity:undefined:undefined:undefined:undefined":2,"s:39:4:42:Infinity":11,"s:40:8:40:Infinity":12,"s:41:8:41:Infinity":13,"s:44:19:44:Infinity":14,"s:46:4:48:Infinity":15,"s:51:8:51:Infinity":16,"s:53:8:62:Infinity":17,"f:53:8:53:20":3,"s:54:3:60:Infinity":18,"s:61:3:61:Infinity":19,"s:64:2:139:Infinity":20,"f:99:23:99:28":4,"s:100:14:100:Infinity":21}}}
,"C:\\Users\\Natasha\\Desktop\\Forms\\src\\components\\forms\\UncontrolledForm.tsx": {"path":"C:\\Users\\Natasha\\Desktop\\Forms\\src\\components\\forms\\UncontrolledForm.tsx","statementMap":{"0":{"start":{"line":14,"column":19},"end":{"line":14,"column":null}},"1":{"start":{"line":16,"column":10},"end":{"line":16,"column":null}},"2":{"start":{"line":18,"column":10},"end":{"line":18,"column":null}},"3":{"start":{"line":18,"column":56},"end":{"line":18,"column":81}},"4":{"start":{"line":19,"column":10},"end":{"line":19,"column":null}},"5":{"start":{"line":21,"column":25},"end":{"line":107,"column":null}},"6":{"start":{"line":22,"column":6},"end":{"line":22,"column":null}},"7":{"start":{"line":24,"column":23},"end":{"line":26,"column":null}},"8":{"start":{"line":28,"column":19},"end":{"line":28,"column":null}},"9":{"start":{"line":30,"column":24},"end":{"line":30,"column":null}},"10":{"start":{"line":32,"column":28},"end":{"line":35,"column":null}},"11":{"start":{"line":37,"column":6},"end":{"line":54,"column":null}},"12":{"start":{"line":38,"column":8},"end":{"line":44,"column":null}},"13":{"start":{"line":39,"column":10},"end":{"line":42,"column":null}},"14":{"start":{"line":43,"column":10},"end":{"line":43,"column":null}},"15":{"start":{"line":46,"column":8},"end":{"line":51,"column":null}},"16":{"start":{"line":47,"column":10},"end":{"line":49,"column":null}},"17":{"start":{"line":50,"column":10},"end":{"line":50,"column":null}},"18":{"start":{"line":53,"column":8},"end":{"line":53,"column":null}},"19":{"start":{"line":56,"column":18},"end":{"line":66,"column":null}},"20":{"start":{"line":68,"column":19},"end":{"line":68,"column":null}},"21":{"start":{"line":70,"column":4},"end":{"line":93,"column":null}},"22":{"start":{"line":74,"column":12},"end":{"line":74,"column":null}},"23":{"start":{"line":76,"column":8},"end":{"line":89,"column":null}},"24":{"start":{"line":79,"column":12},"end":{"line":79,"column":null}},"25":{"start":{"line":81,"column":12},"end":{"line":87,"column":null}},"26":{"start":{"line":85,"column":12},"end":{"line":86,"column":null}},"27":{"start":{"line":91,"column":6},"end":{"line":91,"column":null}},"28":{"start":{"line":92,"column":6},"end":{"line":92,"column":null}},"29":{"start":{"line":95,"column":4},"end":{"line":95,"column":null}},"30":{"start":{"line":97,"column":4},"end":{"line":103,"column":null}},"31":{"start":{"line":105,"column":4},"end":{"line":105,"column":null}},"32":{"start":{"line":106,"column":4},"end":{"line":106,"column":null}},"33":{"start":{"line":109,"column":2},"end":{"line":182,"column":null}},"34":{"start":{"line":144,"column":12},"end":{"line":144,"column":null}}},"fnMap":{"0":{"name":"UncontrolledForm","decl":{"start":{"line":13,"column":24},"end":{"line":13,"column":42}},"loc":{"start":{"line":13,"column":64},"end":{"line":184,"column":null}},"line":13},"1":{"name":"(anonymous_1)","decl":{"start":{"line":18,"column":22},"end":{"line":18,"column":35}},"loc":{"start":{"line":18,"column":56},"end":{"line":18,"column":81}},"line":18},"2":{"name":"(anonymous_2)","decl":{"start":{"line":21,"column":25},"end":{"line":21,"column":32}},"loc":{"start":{"line":21,"column":72},"end":{"line":107,"column":null}},"line":21},"3":{"name":"(anonymous_3)","decl":{"start":{"line":76,"column":28},"end":{"line":76,"column":null}},"loc":{"start":{"line":77,"column":19},"end":{"line":88,"column":null}},"line":77},"4":{"name":"(anonymous_4)","decl":{"start":{"line":143,"column":23},"end":{"line":143,"column":28}},"loc":{"start":{"line":144,"column":12},"end":{"line":144,"column":null}},"line":144}},"branchMap":{"0":{"loc":{"start":{"line":37,"column":6},"end":{"line":54,"column":null}},"type":"if","locations":[{"start":{"line":37,"column":6},"end":{"line":54,"column":null}},{"start":{},"end":{}}],"line":37},"1":{"loc":{"start":{"line":37,"column":11},"end":{"line":37,"column":50}},"type":"binary-expr","locations":[{"start":{"line":37,"column":11},"end":{"line":37,"column":35}},{"start":{"line":37,"column":35},"end":{"line":37,"column":50}}],"line":37},"2":{"loc":{"start":{"line":38,"column":8},"end":{"line":44,"column":null}},"type":"if","locations":[{"start":{"line":38,"column":8},"end":{"line":44,"column":null}},{"start":{},"end":{}}],"line":38},"3":{"loc":{"start":{"line":46,"column":8},"end":{"line":51,"column":null}},"type":"if","locations":[{"start":{"line":46,"column":8},"end":{"line":51,"column":null}},{"start":{},"end":{}}],"line":46},"4":{"loc":{"start":{"line":70,"column":4},"end":{"line":93,"column":null}},"type":"if","locations":[{"start":{"line":70,"column":4},"end":{"line":93,"column":null}},{"start":{},"end":{}}],"line":70},"5":{"loc":{"start":{"line":81,"column":12},"end":{"line":87,"column":null}},"type":"if","locations":[{"start":{"line":81,"column":12},"end":{"line":87,"column":null}},{"start":{},"end":{}}],"line":81}},"s":{"0":4,"1":4,"2":4,"3":2,"4":4,"5":4,"6":1,"7":1,"8":1,"9":1,"10":1,"11":1,"12":0,"13":0,"14":0,"15":0,"16":0,"17":0,"18":0,"19":1,"20":1,"21":1,"22":1,"23":1,"24":8,"25":8,"26":8,"27":1,"28":1,"29":0,"30":0,"31":0,"32":0,"33":4,"34":19},"f":{"0":4,"1":2,"2":1,"3":8,"4":19},"b":{"0":[0,1],"1":[1,1],"2":[0,0],"3":[0,0],"4":[1,0],"5":[8,0]},"meta":{"lastBranch":6,"lastFunction":5,"lastStatement":35,"seen":{"f:13:24:13:42":0,"s:14:19:14:Infinity":0,"s:16:10:16:Infinity":1,"s:18:10:18:Infinity":2,"f:18:22:18:35":1,"s:18:56:18:81":3,"s:19:10:19:Infinity":4,"s:21:25:107:Infinity":5,"f:21:25:21:32":2,"s:22:6:22:Infinity":6,"s:24:23:26:Infinity":7,"s:28:19:28:Infinity":8,"s:30:24:30:Infinity":9,"s:32:28:35:Infinity":10,"b:37:6:54:Infinity:undefined:undefined:undefined:undefined":0,"s:37:6:54:Infinity":11,"b:37:11:37:35:37:35:37:50":1,"b:38:8:44:Infinity:undefined:undefined:undefined:undefined":2,"s:38:8:44:Infinity":12,"s:39:10:42:Infinity":13,"s:43:10:43:Infinity":14,"b:46:8:51:Infinity:undefined:undefined:undefined:undefined":3,"s:46:8:51:Infinity":15,"s:47:10:49:Infinity":16,"s:50:10:50:Infinity":17,"s:53:8:53:Infinity":18,"s:56:18:66:Infinity":19,"s:68:19:68:Infinity":20,"b:70:4:93:Infinity:undefined:undefined:undefined:undefined":4,"s:70:4:93:Infinity":21,"s:74:12:74:Infinity":22,"s:76:8:89:Infinity":23,"f:76:28:76:Infinity":3,"s:79:12:79:Infinity":24,"b:81:12:87:Infinity:undefined:undefined:undefined:undefined":5,"s:81:12:87:Infinity":25,"s:85:12:86:Infinity":26,"s:91:6:91:Infinity":27,"s:92:6:92:Infinity":28,"s:95:4:95:Infinity":29,"s:97:4:103:Infinity":30,"s:105:4:105:Infinity":31,"s:106:4:106:Infinity":32,"s:109:2:182:Infinity":33,"f:143:23:143:28":4,"s:144:12:144:Infinity":34}}}
,"C:\\Users\\Natasha\\Desktop\\Forms\\src\\components\\main\\Main.tsx": {"path":"C:\\Users\\Natasha\\Desktop\\Forms\\src\\components\\main\\Main.tsx","statementMap":{"0":{"start":{"line":11,"column":22},"end":{"line":11,"column":null}},"1":{"start":{"line":13,"column":10},"end":{"line":13,"column":null}},"2":{"start":{"line":13,"column":58},"end":{"line":13,"column":80}},"3":{"start":{"line":17,"column":4},"end":{"line":61,"column":null}},"4":{"start":{"line":20,"column":39},"end":{"line":20,"column":69}},"5":{"start":{"line":21,"column":39},"end":{"line":21,"column":60}},"6":{"start":{"line":27,"column":20},"end":{"line":41,"column":null}},"7":{"start":{"line":52,"column":31},"end":{"line":52,"column":null}},"8":{"start":{"line":55,"column":53},"end":{"line":55,"column":74}},"9":{"start":{"line":57,"column":44},"end":{"line":57,"column":65}}},"fnMap":{"0":{"name":"Main","decl":{"start":{"line":10,"column":24},"end":{"line":10,"column":31}},"loc":{"start":{"line":10,"column":31},"end":{"line":63,"column":null}},"line":10},"1":{"name":"(anonymous_1)","decl":{"start":{"line":13,"column":24},"end":{"line":13,"column":37}},"loc":{"start":{"line":13,"column":58},"end":{"line":13,"column":80}},"line":13},"2":{"name":"(anonymous_2)","decl":{"start":{"line":20,"column":24},"end":{"line":20,"column":39}},"loc":{"start":{"line":20,"column":39},"end":{"line":20,"column":69}},"line":20},"3":{"name":"(anonymous_3)","decl":{"start":{"line":21,"column":24},"end":{"line":21,"column":39}},"loc":{"start":{"line":21,"column":39},"end":{"line":21,"column":60}},"line":21},"4":{"name":"(anonymous_4)","decl":{"start":{"line":26,"column":31},"end":{"line":26,"column":36}},"loc":{"start":{"line":27,"column":20},"end":{"line":41,"column":null}},"line":27},"5":{"name":"(anonymous_5)","decl":{"start":{"line":52,"column":16},"end":{"line":52,"column":31}},"loc":{"start":{"line":52,"column":31},"end":{"line":52,"column":null}},"line":52},"6":{"name":"(anonymous_6)","decl":{"start":{"line":55,"column":36},"end":{"line":55,"column":53}},"loc":{"start":{"line":55,"column":53},"end":{"line":55,"column":74}},"line":55},"7":{"name":"(anonymous_7)","decl":{"start":{"line":57,"column":27},"end":{"line":57,"column":44}},"loc":{"start":{"line":57,"column":44},"end":{"line":57,"column":65}},"line":57}},"branchMap":{"0":{"loc":{"start":{"line":28,"column":24},"end":{"line":35,"column":23}},"type":"binary-expr","locations":[{"start":{"line":28,"column":24},"end":{"line":28,"column":null}},{"start":{"line":29,"column":24},"end":{"line":35,"column":23}}],"line":28},"1":{"loc":{"start":{"line":45,"column":14},"end":{"line":59,"column":null}},"type":"binary-expr","locations":[{"start":{"line":45,"column":14},"end":{"line":45,"column":null}},{"start":{"line":46,"column":12},"end":{"line":59,"column":null}}],"line":45},"2":{"loc":{"start":{"line":48,"column":16},"end":{"line":50,"column":null}},"type":"cond-expr","locations":[{"start":{"line":49,"column":22},"end":{"line":49,"column":null}},{"start":{"line":50,"column":22},"end":{"line":50,"column":null}}],"line":48},"3":{"loc":{"start":{"line":54,"column":17},"end":{"line":57,"column":null}},"type":"cond-expr","locations":[{"start":{"line":55,"column":18},"end":{"line":57,"column":19}},{"start":{"line":57,"column":18},"end":{"line":57,"column":null}}],"line":54}},"s":{"0":9,"1":9,"2":16,"3":9,"4":1,"5":1,"6":0,"7":0,"8":0,"9":0},"f":{"0":9,"1":16,"2":1,"3":1,"4":0,"5":0,"6":0,"7":0},"b":{"0":[0,0],"1":[9,2],"2":[1,1],"3":[1,1]},"meta":{"lastBranch":4,"lastFunction":8,"lastStatement":10,"seen":{"f:10:24:10:31":0,"s:11:22:11:Infinity":0,"s:13:10:13:Infinity":1,"f:13:24:13:37":1,"s:13:58:13:80":2,"s:17:4:61:Infinity":3,"f:20:24:20:39":2,"s:20:39:20:69":4,"f:21:24:21:39":3,"s:21:39:21:60":5,"f:26:31:26:36":4,"s:27:20:41:Infinity":6,"b:28:24:28:Infinity:29:24:35:23":0,"b:45:14:45:Infinity:46:12:59:Infinity":1,"b:49:22:49:Infinity:50:22:50:Infinity":2,"f:52:16:52:31":5,"s:52:31:52:Infinity":7,"b:55:18:57:19:57:18:57:Infinity":3,"f:55:36:55:53":6,"s:55:53:55:74":8,"f:57:27:57:44":7,"s:57:44:57:65":9}}}
,"C:\\Users\\Natasha\\Desktop\\Forms\\src\\components\\main\\main.css": {"path":"C:\\Users\\Natasha\\Desktop\\Forms\\src\\components\\main\\main.css","statementMap":{},"fnMap":{},"branchMap":{},"s":{},"f":{},"b":{},"meta":{"lastBranch":0,"lastFunction":0,"lastStatement":0,"seen":{}}}
,"C:\\Users\\Natasha\\Desktop\\Forms\\src\\components\\modal\\Modal.tsx": {"path":"C:\\Users\\Natasha\\Desktop\\Forms\\src\\components\\modal\\Modal.tsx","statementMap":{"0":{"start":{"line":11,"column":18},"end":{"line":11,"column":null}},"1":{"start":{"line":14,"column":4},"end":{"line":26,"column":null}},"2":{"start":{"line":15,"column":12},"end":{"line":19,"column":null}},"3":{"start":{"line":16,"column":6},"end":{"line":18,"column":null}},"4":{"start":{"line":17,"column":8},"end":{"line":17,"column":null}},"5":{"start":{"line":21,"column":6},"end":{"line":21,"column":null}},"6":{"start":{"line":23,"column":6},"end":{"line":25,"column":null}},"7":{"start":{"line":24,"column":8},"end":{"line":24,"column":null}},"8":{"start":{"line":28,"column":4},"end":{"line":44,"column":null}},"9":{"start":{"line":30,"column":55},"end":{"line":30,"column":null}}},"fnMap":{"0":{"name":"Modal","decl":{"start":{"line":13,"column":24},"end":{"line":13,"column":30}},"loc":{"start":{"line":13,"column":70},"end":{"line":45,"column":null}},"line":13},"1":{"name":"(anonymous_1)","decl":{"start":{"line":14,"column":4},"end":{"line":14,"column":20}},"loc":{"start":{"line":14,"column":20},"end":{"line":26,"column":7}},"line":14},"2":{"name":"(anonymous_2)","decl":{"start":{"line":15,"column":12},"end":{"line":15,"column":29}},"loc":{"start":{"line":15,"column":50},"end":{"line":19,"column":null}},"line":15},"3":{"name":"(anonymous_3)","decl":{"start":{"line":23,"column":6},"end":{"line":23,"column":19}},"loc":{"start":{"line":23,"column":19},"end":{"line":25,"column":null}},"line":23},"4":{"name":"(anonymous_4)","decl":{"start":{"line":30,"column":39},"end":{"line":30,"column":49}},"loc":{"start":{"line":30,"column":55},"end":{"line":30,"column":null}},"line":30}},"branchMap":{"0":{"loc":{"start":{"line":16,"column":6},"end":{"line":18,"column":null}},"type":"if","locations":[{"start":{"line":16,"column":6},"end":{"line":18,"column":null}},{"start":{},"end":{}}],"line":16}},"s":{"0":3,"1":5,"2":5,"3":0,"4":0,"5":5,"6":5,"7":5,"8":5,"9":1},"f":{"0":5,"1":5,"2":0,"3":5,"4":1},"b":{"0":[0,0]},"meta":{"lastBranch":1,"lastFunction":5,"lastStatement":10,"seen":{"s:11:18:11:Infinity":0,"f:13:24:13:30":0,"s:14:4:26:Infinity":1,"f:14:4:14:20":1,"s:15:12:19:Infinity":2,"f:15:12:15:29":2,"b:16:6:18:Infinity:undefined:undefined:undefined:undefined":0,"s:16:6:18:Infinity":3,"s:17:8:17:Infinity":4,"s:21:6:21:Infinity":5,"s:23:6:25:Infinity":6,"f:23:6:23:19":3,"s:24:8:24:Infinity":7,"s:28:4:44:Infinity":8,"f:30:39:30:49":4,"s:30:55:30:Infinity":9}}}
,"C:\\Users\\Natasha\\Desktop\\Forms\\src\\components\\modal\\modal.css": {"path":"C:\\Users\\Natasha\\Desktop\\Forms\\src\\components\\modal\\modal.css","statementMap":{},"fnMap":{},"branchMap":{},"s":{},"f":{},"b":{},"meta":{"lastBranch":0,"lastFunction":0,"lastStatement":0,"seen":{}}}
,"C:\\Users\\Natasha\\Desktop\\Forms\\src\\store\\countrySlice.ts": {"path":"C:\\Users\\Natasha\\Desktop\\Forms\\src\\store\\countrySlice.ts","statementMap":{"0":{"start":{"line":7,"column":37},"end":{"line":26,"column":null}},"1":{"start":{"line":28,"column":6},"end":{"line":32,"column":null}}},"fnMap":{},"branchMap":{},"s":{"0":3,"1":3},"f":{},"b":{},"meta":{"lastBranch":0,"lastFunction":0,"lastStatement":2,"seen":{"s:7:37:26:Infinity":0,"s:28:6:32:Infinity":1}}}
,"C:\\Users\\Natasha\\Desktop\\Forms\\src\\store\\formSlice.ts": {"path":"C:\\Users\\Natasha\\Desktop\\Forms\\src\\store\\formSlice.ts","statementMap":{"0":{"start":{"line":15,"column":32},"end":{"line":17,"column":null}},"1":{"start":{"line":19,"column":6},"end":{"line":27,"column":null}},"2":{"start":{"line":24,"column":6},"end":{"line":24,"column":null}},"3":{"start":{"line":29,"column":33},"end":{"line":29,"column":null}}},"fnMap":{"0":{"name":"addSubmission","decl":{"start":{"line":23,"column":4},"end":{"line":23,"column":18}},"loc":{"start":{"line":23,"column":60},"end":{"line":25,"column":null}},"line":23}},"branchMap":{},"s":{"0":5,"1":5,"2":2,"3":5},"f":{"0":2},"b":{},"meta":{"lastBranch":0,"lastFunction":1,"lastStatement":4,"seen":{"s:15:32:17:Infinity":0,"s:19:6:27:Infinity":1,"f:23:4:23:18":0,"s:24:6:24:Infinity":2,"s:29:33:29:Infinity":3}}}
,"C:\\Users\\Natasha\\Desktop\\Forms\\src\\store\\store.ts": {"path":"C:\\Users\\Natasha\\Desktop\\Forms\\src\\store\\store.ts","statementMap":{"0":{"start":{"line":5,"column":13},"end":{"line":10,"column":null}}},"fnMap":{},"branchMap":{},"s":{"0":3},"f":{},"b":{},"meta":{"lastBranch":0,"lastFunction":0,"lastStatement":1,"seen":{"s:5:13:10:Infinity":0}}}
,"C:\\Users\\Natasha\\Desktop\\Forms\\src\\utils\\toBase64.ts": {"path":"C:\\Users\\Natasha\\Desktop\\Forms\\src\\utils\\toBase64.ts","statementMap":{"0":{"start":{"line":1,"column":13},"end":{"line":10,"column":null}},"1":{"start":{"line":2,"column":2},"end":{"line":9,"column":null}},"2":{"start":{"line":3,"column":19},"end":{"line":3,"column":null}},"3":{"start":{"line":5,"column":4},"end":{"line":5,"column":null}},"4":{"start":{"line":7,"column":4},"end":{"line":7,"column":null}},"5":{"start":{"line":7,"column":26},"end":{"line":7,"column":null}},"6":{"start":{"line":8,"column":4},"end":{"line":8,"column":null}}},"fnMap":{"0":{"name":"(anonymous_0)","decl":{"start":{"line":1,"column":13},"end":{"line":1,"column":25}},"loc":{"start":{"line":1,"column":57},"end":{"line":10,"column":null}},"line":1},"1":{"name":"(anonymous_1)","decl":{"start":{"line":2,"column":13},"end":{"line":2,"column":22}},"loc":{"start":{"line":2,"column":42},"end":{"line":9,"column":3}},"line":2},"2":{"name":"(anonymous_2)","decl":{"start":{"line":7,"column":11},"end":{"line":7,"column":26}},"loc":{"start":{"line":7,"column":26},"end":{"line":7,"column":null}},"line":7}},"branchMap":{},"s":{"0":4,"1":1,"2":1,"3":1,"4":1,"5":1,"6":1},"f":{"0":1,"1":1,"2":1},"b":{},"meta":{"lastBranch":0,"lastFunction":3,"lastStatement":7,"seen":{"s:1:13:10:Infinity":0,"f:1:13:1:25":0,"s:2:2:9:Infinity":1,"f:2:13:2:22":1,"s:3:19:3:Infinity":2,"s:5:4:5:Infinity":3,"s:7:4:7:Infinity":4,"f:7:11:7:26":2,"s:7:26:7:Infinity":5,"s:8:4:8:Infinity":6}}}
,"C:\\Users\\Natasha\\Desktop\\Forms\\src\\validation\\validation.ts": {"path":"C:\\Users\\Natasha\\Desktop\\Forms\\src\\validation\\validation.ts","statementMap":{"0":{"start":{"line":3,"column":13},"end":{"line":87,"column":null}},"1":{"start":{"line":6,"column":2},"end":{"line":87,"column":null}},"2":{"start":{"line":13,"column":12},"end":{"line":13,"column":null}},"3":{"start":{"line":30,"column":24},"end":{"line":30,"column":null}},"4":{"start":{"line":32,"column":10},"end":{"line":33,"column":null}},"5":{"start":{"line":33,"column":12},"end":{"line":33,"column":null}},"6":{"start":{"line":36,"column":12},"end":{"line":36,"column":null}},"7":{"start":{"line":38,"column":10},"end":{"line":38,"column":null}},"8":{"start":{"line":38,"column":26},"end":{"line":38,"column":null}},"9":{"start":{"line":40,"column":10},"end":{"line":41,"column":null}},"10":{"start":{"line":41,"column":12},"end":{"line":41,"column":null}},"11":{"start":{"line":43,"column":10},"end":{"line":43,"column":null}},"12":{"start":{"line":55,"column":12},"end":{"line":55,"column":null}},"13":{"start":{"line":81,"column":8},"end":{"line":82,"column":null}}},"fnMap":{"0":{"name":"(anonymous_0)","decl":{"start":{"line":3,"column":13},"end":{"line":3,"column":null}},"loc":{"start":{"line":6,"column":2},"end":{"line":87,"column":null}},"line":6},"1":{"name":"(anonymous_1)","decl":{"start":{"line":11,"column":9},"end":{"line":11,"column":null}},"loc":{"start":{"line":13,"column":12},"end":{"line":13,"column":null}},"line":13},"2":{"name":"(anonymous_2)","decl":{"start":{"line":28,"column":24},"end":{"line":28,"column":null}},"loc":{"start":{"line":29,"column":19},"end":{"line":44,"column":null}},"line":29},"3":{"name":"(anonymous_3)","decl":{"start":{"line":53,"column":9},"end":{"line":53,"column":null}},"loc":{"start":{"line":55,"column":12},"end":{"line":55,"column":null}},"line":55},"4":{"name":"(anonymous_4)","decl":{"start":{"line":79,"column":5},"end":{"line":79,"column":null}},"loc":{"start":{"line":81,"column":8},"end":{"line":82,"column":null}},"line":81}},"branchMap":{"0":{"loc":{"start":{"line":32,"column":10},"end":{"line":33,"column":null}},"type":"if","locations":[{"start":{"line":32,"column":10},"end":{"line":33,"column":null}},{"start":{},"end":{}}],"line":32},"1":{"loc":{"start":{"line":38,"column":10},"end":{"line":38,"column":null}},"type":"if","locations":[{"start":{"line":38,"column":10},"end":{"line":38,"column":null}},{"start":{},"end":{}}],"line":38},"2":{"loc":{"start":{"line":40,"column":10},"end":{"line":41,"column":null}},"type":"if","locations":[{"start":{"line":40,"column":10},"end":{"line":41,"column":null}},{"start":{},"end":{}}],"line":40}},"s":{"0":5,"1":15,"2":55,"3":55,"4":55,"5":14,"6":41,"7":41,"8":0,"9":41,"10":5,"11":36,"12":55,"13":7},"f":{"0":15,"1":55,"2":55,"3":55,"4":7},"b":{"0":[14,41],"1":[0,41],"2":[5,36]},"meta":{"lastBranch":3,"lastFunction":5,"lastStatement":14,"seen":{"s:3:13:87:Infinity":0,"f:3:13:3:Infinity":0,"s:6:2:87:Infinity":1,"f:11:9:11:Infinity":1,"s:13:12:13:Infinity":2,"f:28:24:28:Infinity":2,"s:30:24:30:Infinity":3,"b:32:10:33:Infinity:undefined:undefined:undefined:undefined":0,"s:32:10:33:Infinity":4,"s:33:12:33:Infinity":5,"s:36:12:36:Infinity":6,"b:38:10:38:Infinity:undefined:undefined:undefined:undefined":1,"s:38:10:38:Infinity":7,"s:38:26:38:Infinity":8,"b:40:10:41:Infinity:undefined:undefined:undefined:undefined":2,"s:40:10:41:Infinity":9,"s:41:12:41:Infinity":10,"s:43:10:43:Infinity":11,"f:53:9:53:Infinity":3,"s:55:12:55:Infinity":12,"f:79:5:79:Infinity":4,"s:81:8:82:Infinity":13}}}
}
