{"C:\\Users\\Natasha\\Desktop\\Forms\\src\\App.css": {"path":"C:\\Users\\Natasha\\Desktop\\Forms\\src\\App.css","statementMap":{},"fnMap":{},"branchMap":{},"s":{},"f":{},"b":{},"meta":{"lastBranch":0,"lastFunction":0,"lastStatement":0,"seen":{}}}
,"C:\\Users\\Natasha\\Desktop\\Forms\\src\\App.tsx": {"path":"C:\\Users\\Natasha\\Desktop\\Forms\\src\\App.tsx","statementMap":{"0":{"start":{"line":6,"column":2},"end":{"line":10,"column":null}}},"fnMap":{"0":{"name":"App","decl":{"start":{"line":5,"column":9},"end":{"line":5,"column":15}},"loc":{"start":{"line":5,"column":15},"end":{"line":12,"column":null}},"line":5}},"branchMap":{},"s":{"0":3},"f":{"0":3},"b":{},"meta":{"lastBranch":0,"lastFunction":1,"lastStatement":1,"seen":{"f:5:9:5:15":0,"s:6:2:10:Infinity":0}}}
,"C:\\Users\\Natasha\\Desktop\\Forms\\src\\components\\Header.tsx": {"path":"C:\\Users\\Natasha\\Desktop\\Forms\\src\\components\\Header.tsx","statementMap":{"0":{"start":{"line":2,"column":2},"end":{"line":5,"column":null}}},"fnMap":{"0":{"name":"Header","decl":{"start":{"line":1,"column":24},"end":{"line":1,"column":33}},"loc":{"start":{"line":1,"column":33},"end":{"line":7,"column":null}},"line":1}},"branchMap":{},"s":{"0":3},"f":{"0":3},"b":{},"meta":{"lastBranch":0,"lastFunction":1,"lastStatement":1,"seen":{"f:1:24:1:33":0,"s:2:2:5:Infinity":0}}}
,"C:\\Users\\Natasha\\Desktop\\Forms\\src\\components\\Main\\Main.tsx": {"path":"C:\\Users\\Natasha\\Desktop\\Forms\\src\\components\\Main\\Main.tsx","statementMap":{"0":{"start":{"line":10,"column":20},"end":{"line":12,"column":null}},"1":{"start":{"line":14,"column":8},"end":{"line":14,"column":null}},"2":{"start":{"line":14,"column":56},"end":{"line":14,"column":78}},"3":{"start":{"line":16,"column":2},"end":{"line":74,"column":null}},"4":{"start":{"line":19,"column":31},"end":{"line":19,"column":61}},"5":{"start":{"line":22,"column":31},"end":{"line":22,"column":52}},"6":{"start":{"line":28,"column":12},"end":{"line":54,"column":null}},"7":{"start":{"line":65,"column":25},"end":{"line":65,"column":null}},"8":{"start":{"line":68,"column":47},"end":{"line":68,"column":68}},"9":{"start":{"line":70,"column":38},"end":{"line":70,"column":59}}},"fnMap":{"0":{"name":"Main","decl":{"start":{"line":9,"column":24},"end":{"line":9,"column":31}},"loc":{"start":{"line":9,"column":31},"end":{"line":76,"column":null}},"line":9},"1":{"name":"(anonymous_1)","decl":{"start":{"line":14,"column":22},"end":{"line":14,"column":35}},"loc":{"start":{"line":14,"column":56},"end":{"line":14,"column":78}},"line":14},"2":{"name":"(anonymous_2)","decl":{"start":{"line":19,"column":16},"end":{"line":19,"column":31}},"loc":{"start":{"line":19,"column":31},"end":{"line":19,"column":61}},"line":19},"3":{"name":"(anonymous_3)","decl":{"start":{"line":22,"column":16},"end":{"line":22,"column":31}},"loc":{"start":{"line":22,"column":31},"end":{"line":22,"column":52}},"line":22},"4":{"name":"(anonymous_4)","decl":{"start":{"line":27,"column":23},"end":{"line":27,"column":28}},"loc":{"start":{"line":28,"column":12},"end":{"line":54,"column":null}},"line":28},"5":{"name":"(anonymous_5)","decl":{"start":{"line":65,"column":10},"end":{"line":65,"column":25}},"loc":{"start":{"line":65,"column":25},"end":{"line":65,"column":null}},"line":65},"6":{"name":"(anonymous_6)","decl":{"start":{"line":68,"column":30},"end":{"line":68,"column":47}},"loc":{"start":{"line":68,"column":47},"end":{"line":68,"column":68}},"line":68},"7":{"name":"(anonymous_7)","decl":{"start":{"line":70,"column":21},"end":{"line":70,"column":38}},"loc":{"start":{"line":70,"column":38},"end":{"line":70,"column":59}},"line":70}},"branchMap":{"0":{"loc":{"start":{"line":29,"column":15},"end":{"line":40,"column":15}},"type":"binary-expr","locations":[{"start":{"line":29,"column":15},"end":{"line":29,"column":null}},{"start":{"line":30,"column":16},"end":{"line":40,"column":15}}],"line":29},"1":{"loc":{"start":{"line":58,"column":7},"end":{"line":72,"column":null}},"type":"binary-expr","locations":[{"start":{"line":58,"column":7},"end":{"line":58,"column":null}},{"start":{"line":59,"column":8},"end":{"line":72,"column":null}}],"line":58},"2":{"loc":{"start":{"line":61,"column":12},"end":{"line":63,"column":null}},"type":"cond-expr","locations":[{"start":{"line":62,"column":16},"end":{"line":62,"column":null}},{"start":{"line":63,"column":16},"end":{"line":63,"column":null}}],"line":61},"3":{"loc":{"start":{"line":67,"column":11},"end":{"line":70,"column":null}},"type":"cond-expr","locations":[{"start":{"line":68,"column":12},"end":{"line":70,"column":13}},{"start":{"line":70,"column":12},"end":{"line":70,"column":null}}],"line":67}},"s":{"0":6,"1":6,"2":10,"3":6,"4":1,"5":1,"6":0,"7":0,"8":0,"9":0},"f":{"0":6,"1":10,"2":1,"3":1,"4":0,"5":0,"6":0,"7":0},"b":{"0":[0,0],"1":[6,2],"2":[1,1],"3":[1,1]},"meta":{"lastBranch":4,"lastFunction":8,"lastStatement":10,"seen":{"f:9:24:9:31":0,"s:10:20:12:Infinity":0,"s:14:8:14:Infinity":1,"f:14:22:14:35":1,"s:14:56:14:78":2,"s:16:2:74:Infinity":3,"f:19:16:19:31":2,"s:19:31:19:61":4,"f:22:16:22:31":3,"s:22:31:22:52":5,"f:27:23:27:28":4,"s:28:12:54:Infinity":6,"b:29:15:29:Infinity:30:16:40:15":0,"b:58:7:58:Infinity:59:8:72:Infinity":1,"b:62:16:62:Infinity:63:16:63:Infinity":2,"f:65:10:65:25":5,"s:65:25:65:Infinity":7,"b:68:12:70:13:70:12:70:Infinity":3,"f:68:30:68:47":6,"s:68:47:68:68":8,"f:70:21:70:38":7,"s:70:38:70:59":9}}}
,"C:\\Users\\Natasha\\Desktop\\Forms\\src\\components\\Main\\main.css": {"path":"C:\\Users\\Natasha\\Desktop\\Forms\\src\\components\\Main\\main.css","statementMap":{},"fnMap":{},"branchMap":{},"s":{},"f":{},"b":{},"meta":{"lastBranch":0,"lastFunction":0,"lastStatement":0,"seen":{}}}
,"C:\\Users\\Natasha\\Desktop\\Forms\\src\\components\\Modal\\Modal.tsx": {"path":"C:\\Users\\Natasha\\Desktop\\Forms\\src\\components\\Modal\\Modal.tsx","statementMap":{"0":{"start":{"line":11,"column":18},"end":{"line":11,"column":null}},"1":{"start":{"line":14,"column":2},"end":{"line":26,"column":null}},"2":{"start":{"line":15,"column":10},"end":{"line":19,"column":null}},"3":{"start":{"line":16,"column":6},"end":{"line":18,"column":null}},"4":{"start":{"line":17,"column":8},"end":{"line":17,"column":null}},"5":{"start":{"line":21,"column":4},"end":{"line":21,"column":null}},"6":{"start":{"line":23,"column":4},"end":{"line":25,"column":null}},"7":{"start":{"line":24,"column":6},"end":{"line":24,"column":null}},"8":{"start":{"line":28,"column":2},"end":{"line":44,"column":null}},"9":{"start":{"line":30,"column":53},"end":{"line":30,"column":null}}},"fnMap":{"0":{"name":"Modal","decl":{"start":{"line":13,"column":24},"end":{"line":13,"column":30}},"loc":{"start":{"line":13,"column":72},"end":{"line":45,"column":null}},"line":13},"1":{"name":"(anonymous_1)","decl":{"start":{"line":14,"column":2},"end":{"line":14,"column":18}},"loc":{"start":{"line":14,"column":18},"end":{"line":26,"column":5}},"line":14},"2":{"name":"(anonymous_2)","decl":{"start":{"line":15,"column":10},"end":{"line":15,"column":27}},"loc":{"start":{"line":15,"column":48},"end":{"line":19,"column":null}},"line":15},"3":{"name":"(anonymous_3)","decl":{"start":{"line":23,"column":4},"end":{"line":23,"column":17}},"loc":{"start":{"line":23,"column":17},"end":{"line":25,"column":null}},"line":23},"4":{"name":"(anonymous_4)","decl":{"start":{"line":30,"column":37},"end":{"line":30,"column":47}},"loc":{"start":{"line":30,"column":53},"end":{"line":30,"column":null}},"line":30}},"branchMap":{"0":{"loc":{"start":{"line":16,"column":6},"end":{"line":18,"column":null}},"type":"if","locations":[{"start":{"line":16,"column":6},"end":{"line":18,"column":null}},{"start":{},"end":{}}],"line":16}},"s":{"0":3,"1":5,"2":5,"3":0,"4":0,"5":5,"6":5,"7":5,"8":5,"9":1},"f":{"0":5,"1":5,"2":0,"3":5,"4":1},"b":{"0":[0,0]},"meta":{"lastBranch":1,"lastFunction":5,"lastStatement":10,"seen":{"s:11:18:11:Infinity":0,"f:13:24:13:30":0,"s:14:2:26:Infinity":1,"f:14:2:14:18":1,"s:15:10:19:Infinity":2,"f:15:10:15:27":2,"b:16:6:18:Infinity:undefined:undefined:undefined:undefined":0,"s:16:6:18:Infinity":3,"s:17:8:17:Infinity":4,"s:21:4:21:Infinity":5,"s:23:4:25:Infinity":6,"f:23:4:23:17":3,"s:24:6:24:Infinity":7,"s:28:2:44:Infinity":8,"f:30:37:30:47":4,"s:30:53:30:Infinity":9}}}
,"C:\\Users\\Natasha\\Desktop\\Forms\\src\\components\\Modal\\modal.css": {"path":"C:\\Users\\Natasha\\Desktop\\Forms\\src\\components\\Modal\\modal.css","statementMap":{},"fnMap":{},"branchMap":{},"s":{},"f":{},"b":{},"meta":{"lastBranch":0,"lastFunction":0,"lastStatement":0,"seen":{}}}
,"C:\\Users\\Natasha\\Desktop\\Forms\\src\\components\\forms\\RHFForm.tsx": {"path":"C:\\Users\\Natasha\\Desktop\\Forms\\src\\components\\forms\\RHFForm.tsx","statementMap":{"0":{"start":{"line":15,"column":8},"end":{"line":17,"column":null}},"1":{"start":{"line":16,"column":26},"end":{"line":16,"column":null}},"2":{"start":{"line":18,"column":8},"end":{"line":18,"column":null}},"3":{"start":{"line":23,"column":25},"end":{"line":27,"column":null}},"4":{"start":{"line":29,"column":28},"end":{"line":49,"column":null}},"5":{"start":{"line":30,"column":17},"end":{"line":30,"column":null}},"6":{"start":{"line":32,"column":4},"end":{"line":32,"column":null}},"7":{"start":{"line":32,"column":15},"end":{"line":32,"column":null}},"8":{"start":{"line":34,"column":4},"end":{"line":37,"column":null}},"9":{"start":{"line":35,"column":6},"end":{"line":35,"column":null}},"10":{"start":{"line":36,"column":6},"end":{"line":36,"column":null}},"11":{"start":{"line":39,"column":4},"end":{"line":42,"column":null}},"12":{"start":{"line":40,"column":6},"end":{"line":40,"column":null}},"13":{"start":{"line":41,"column":6},"end":{"line":41,"column":null}},"14":{"start":{"line":44,"column":19},"end":{"line":44,"column":null}},"15":{"start":{"line":46,"column":4},"end":{"line":48,"column":null}},"16":{"start":{"line":51,"column":8},"end":{"line":51,"column":null}},"17":{"start":{"line":53,"column":8},"end":{"line":62,"column":null}},"18":{"start":{"line":54,"column":4},"end":{"line":60,"column":null}},"19":{"start":{"line":61,"column":4},"end":{"line":61,"column":null}},"20":{"start":{"line":64,"column":2},"end":{"line":148,"column":null}},"21":{"start":{"line":103,"column":12},"end":{"line":103,"column":null}}},"fnMap":{"0":{"name":"RHFForm","decl":{"start":{"line":14,"column":24},"end":{"line":14,"column":32}},"loc":{"start":{"line":14,"column":54},"end":{"line":150,"column":null}},"line":14},"1":{"name":"(anonymous_1)","decl":{"start":{"line":15,"column":20},"end":{"line":15,"column":null}},"loc":{"start":{"line":16,"column":26},"end":{"line":16,"column":null}},"line":16},"2":{"name":"(anonymous_2)","decl":{"start":{"line":29,"column":28},"end":{"line":29,"column":35}},"loc":{"start":{"line":29,"column":78},"end":{"line":49,"column":null}},"line":29},"3":{"name":"(anonymous_3)","decl":{"start":{"line":53,"column":8},"end":{"line":53,"column":20}},"loc":{"start":{"line":53,"column":41},"end":{"line":62,"column":null}},"line":53},"4":{"name":"(anonymous_4)","decl":{"start":{"line":102,"column":21},"end":{"line":102,"column":26}},"loc":{"start":{"line":103,"column":12},"end":{"line":103,"column":null}},"line":103}},"branchMap":{"0":{"loc":{"start":{"line":32,"column":4},"end":{"line":32,"column":null}},"type":"if","locations":[{"start":{"line":32,"column":4},"end":{"line":32,"column":null}},{"start":{},"end":{}}],"line":32},"1":{"loc":{"start":{"line":34,"column":4},"end":{"line":37,"column":null}},"type":"if","locations":[{"start":{"line":34,"column":4},"end":{"line":37,"column":null}},{"start":{},"end":{}}],"line":34},"2":{"loc":{"start":{"line":39,"column":4},"end":{"line":42,"column":null}},"type":"if","locations":[{"start":{"line":39,"column":4},"end":{"line":42,"column":null}},{"start":{},"end":{}}],"line":39}},"s":{"0":10,"1":13,"2":10,"3":10,"4":10,"5":1,"6":1,"7":0,"8":1,"9":0,"10":0,"11":1,"12":0,"13":0,"14":1,"15":1,"16":10,"17":10,"18":1,"19":1,"20":10,"21":160},"f":{"0":10,"1":13,"2":1,"3":1,"4":160},"b":{"0":[0,1],"1":[0,1],"2":[0,1]},"meta":{"lastBranch":3,"lastFunction":5,"lastStatement":22,"seen":{"f:14:24:14:32":0,"s:15:8:17:Infinity":0,"f:15:20:15:Infinity":1,"s:16:26:16:Infinity":1,"s:18:8:18:Infinity":2,"s:23:25:27:Infinity":3,"s:29:28:49:Infinity":4,"f:29:28:29:35":2,"s:30:17:30:Infinity":5,"b:32:4:32:Infinity:undefined:undefined:undefined:undefined":0,"s:32:4:32:Infinity":6,"s:32:15:32:Infinity":7,"b:34:4:37:Infinity:undefined:undefined:undefined:undefined":1,"s:34:4:37:Infinity":8,"s:35:6:35:Infinity":9,"s:36:6:36:Infinity":10,"b:39:4:42:Infinity:undefined:undefined:undefined:undefined":2,"s:39:4:42:Infinity":11,"s:40:6:40:Infinity":12,"s:41:6:41:Infinity":13,"s:44:19:44:Infinity":14,"s:46:4:48:Infinity":15,"s:51:8:51:Infinity":16,"s:53:8:62:Infinity":17,"f:53:8:53:20":3,"s:54:4:60:Infinity":18,"s:61:4:61:Infinity":19,"s:64:2:148:Infinity":20,"f:102:21:102:26":4,"s:103:12:103:Infinity":21}}}
,"C:\\Users\\Natasha\\Desktop\\Forms\\src\\components\\forms\\UncontrolledForm.tsx": {"path":"C:\\Users\\Natasha\\Desktop\\Forms\\src\\components\\forms\\UncontrolledForm.tsx","statementMap":{"0":{"start":{"line":14,"column":17},"end":{"line":14,"column":null}},"1":{"start":{"line":16,"column":8},"end":{"line":16,"column":null}},"2":{"start":{"line":18,"column":8},"end":{"line":20,"column":null}},"3":{"start":{"line":19,"column":26},"end":{"line":19,"column":null}},"4":{"start":{"line":21,"column":8},"end":{"line":21,"column":null}},"5":{"start":{"line":23,"column":23},"end":{"line":93,"column":null}},"6":{"start":{"line":24,"column":4},"end":{"line":24,"column":null}},"7":{"start":{"line":26,"column":21},"end":{"line":26,"column":null}},"8":{"start":{"line":28,"column":17},"end":{"line":28,"column":null}},"9":{"start":{"line":30,"column":22},"end":{"line":30,"column":null}},"10":{"start":{"line":32,"column":26},"end":{"line":32,"column":null}},"11":{"start":{"line":34,"column":4},"end":{"line":50,"column":null}},"12":{"start":{"line":35,"column":6},"end":{"line":40,"column":null}},"13":{"start":{"line":36,"column":8},"end":{"line":38,"column":null}},"14":{"start":{"line":39,"column":8},"end":{"line":39,"column":null}},"15":{"start":{"line":42,"column":6},"end":{"line":47,"column":null}},"16":{"start":{"line":43,"column":8},"end":{"line":45,"column":null}},"17":{"start":{"line":46,"column":8},"end":{"line":46,"column":null}},"18":{"start":{"line":49,"column":6},"end":{"line":49,"column":null}},"19":{"start":{"line":52,"column":17},"end":{"line":62,"column":null}},"20":{"start":{"line":64,"column":19},"end":{"line":64,"column":null}},"21":{"start":{"line":66,"column":4},"end":{"line":79,"column":null}},"22":{"start":{"line":67,"column":50},"end":{"line":67,"column":null}},"23":{"start":{"line":69,"column":6},"end":{"line":75,"column":null}},"24":{"start":{"line":70,"column":22},"end":{"line":70,"column":null}},"25":{"start":{"line":72,"column":8},"end":{"line":74,"column":null}},"26":{"start":{"line":73,"column":10},"end":{"line":73,"column":null}},"27":{"start":{"line":77,"column":6},"end":{"line":77,"column":null}},"28":{"start":{"line":78,"column":6},"end":{"line":78,"column":null}},"29":{"start":{"line":81,"column":4},"end":{"line":81,"column":null}},"30":{"start":{"line":83,"column":4},"end":{"line":89,"column":null}},"31":{"start":{"line":91,"column":4},"end":{"line":91,"column":null}},"32":{"start":{"line":92,"column":4},"end":{"line":92,"column":null}},"33":{"start":{"line":95,"column":2},"end":{"line":168,"column":null}},"34":{"start":{"line":130,"column":12},"end":{"line":130,"column":null}}},"fnMap":{"0":{"name":"UncontrolledForm","decl":{"start":{"line":13,"column":24},"end":{"line":13,"column":41}},"loc":{"start":{"line":13,"column":63},"end":{"line":170,"column":null}},"line":13},"1":{"name":"(anonymous_1)","decl":{"start":{"line":18,"column":20},"end":{"line":18,"column":null}},"loc":{"start":{"line":19,"column":26},"end":{"line":19,"column":null}},"line":19},"2":{"name":"(anonymous_2)","decl":{"start":{"line":23,"column":23},"end":{"line":23,"column":30}},"loc":{"start":{"line":23,"column":70},"end":{"line":93,"column":null}},"line":23},"3":{"name":"(anonymous_3)","decl":{"start":{"line":69,"column":26},"end":{"line":69,"column":35}},"loc":{"start":{"line":69,"column":45},"end":{"line":75,"column":7}},"line":69},"4":{"name":"(anonymous_4)","decl":{"start":{"line":129,"column":21},"end":{"line":129,"column":26}},"loc":{"start":{"line":130,"column":12},"end":{"line":130,"column":null}},"line":130}},"branchMap":{"0":{"loc":{"start":{"line":34,"column":4},"end":{"line":50,"column":null}},"type":"if","locations":[{"start":{"line":34,"column":4},"end":{"line":50,"column":null}},{"start":{},"end":{}}],"line":34},"1":{"loc":{"start":{"line":34,"column":8},"end":{"line":34,"column":47}},"type":"binary-expr","locations":[{"start":{"line":34,"column":8},"end":{"line":34,"column":32}},{"start":{"line":34,"column":32},"end":{"line":34,"column":47}}],"line":34},"2":{"loc":{"start":{"line":35,"column":6},"end":{"line":40,"column":null}},"type":"if","locations":[{"start":{"line":35,"column":6},"end":{"line":40,"column":null}},{"start":{},"end":{}}],"line":35},"3":{"loc":{"start":{"line":42,"column":6},"end":{"line":47,"column":null}},"type":"if","locations":[{"start":{"line":42,"column":6},"end":{"line":47,"column":null}},{"start":{},"end":{}}],"line":42},"4":{"loc":{"start":{"line":66,"column":4},"end":{"line":79,"column":null}},"type":"if","locations":[{"start":{"line":66,"column":4},"end":{"line":79,"column":null}},{"start":{},"end":{}}],"line":66},"5":{"loc":{"start":{"line":72,"column":8},"end":{"line":74,"column":null}},"type":"if","locations":[{"start":{"line":72,"column":8},"end":{"line":74,"column":null}},{"start":{},"end":{}}],"line":72}},"s":{"0":4,"1":4,"2":4,"3":2,"4":4,"5":4,"6":1,"7":1,"8":1,"9":1,"10":1,"11":1,"12":0,"13":0,"14":0,"15":0,"16":0,"17":0,"18":0,"19":1,"20":1,"21":1,"22":1,"23":1,"24":8,"25":8,"26":8,"27":1,"28":1,"29":0,"30":0,"31":0,"32":0,"33":4,"34":19},"f":{"0":4,"1":2,"2":1,"3":8,"4":19},"b":{"0":[0,1],"1":[1,1],"2":[0,0],"3":[0,0],"4":[1,0],"5":[8,0]},"meta":{"lastBranch":6,"lastFunction":5,"lastStatement":35,"seen":{"f:13:24:13:41":0,"s:14:17:14:Infinity":0,"s:16:8:16:Infinity":1,"s:18:8:20:Infinity":2,"f:18:20:18:Infinity":1,"s:19:26:19:Infinity":3,"s:21:8:21:Infinity":4,"s:23:23:93:Infinity":5,"f:23:23:23:30":2,"s:24:4:24:Infinity":6,"s:26:21:26:Infinity":7,"s:28:17:28:Infinity":8,"s:30:22:30:Infinity":9,"s:32:26:32:Infinity":10,"b:34:4:50:Infinity:undefined:undefined:undefined:undefined":0,"s:34:4:50:Infinity":11,"b:34:8:34:32:34:32:34:47":1,"b:35:6:40:Infinity:undefined:undefined:undefined:undefined":2,"s:35:6:40:Infinity":12,"s:36:8:38:Infinity":13,"s:39:8:39:Infinity":14,"b:42:6:47:Infinity:undefined:undefined:undefined:undefined":3,"s:42:6:47:Infinity":15,"s:43:8:45:Infinity":16,"s:46:8:46:Infinity":17,"s:49:6:49:Infinity":18,"s:52:17:62:Infinity":19,"s:64:19:64:Infinity":20,"b:66:4:79:Infinity:undefined:undefined:undefined:undefined":4,"s:66:4:79:Infinity":21,"s:67:50:67:Infinity":22,"s:69:6:75:Infinity":23,"f:69:26:69:35":3,"s:70:22:70:Infinity":24,"b:72:8:74:Infinity:undefined:undefined:undefined:undefined":5,"s:72:8:74:Infinity":25,"s:73:10:73:Infinity":26,"s:77:6:77:Infinity":27,"s:78:6:78:Infinity":28,"s:81:4:81:Infinity":29,"s:83:4:89:Infinity":30,"s:91:4:91:Infinity":31,"s:92:4:92:Infinity":32,"s:95:2:168:Infinity":33,"f:129:21:129:26":4,"s:130:12:130:Infinity":34}}}
,"C:\\Users\\Natasha\\Desktop\\Forms\\src\\components\\main\\Main.tsx": {"path":"C:\\Users\\Natasha\\Desktop\\Forms\\src\\components\\main\\Main.tsx","statementMap":{"0":{"start":{"line":10,"column":20},"end":{"line":12,"column":null}},"1":{"start":{"line":14,"column":8},"end":{"line":14,"column":null}},"2":{"start":{"line":14,"column":56},"end":{"line":14,"column":78}},"3":{"start":{"line":16,"column":2},"end":{"line":74,"column":null}},"4":{"start":{"line":19,"column":31},"end":{"line":19,"column":61}},"5":{"start":{"line":22,"column":31},"end":{"line":22,"column":52}},"6":{"start":{"line":28,"column":12},"end":{"line":54,"column":null}},"7":{"start":{"line":65,"column":25},"end":{"line":65,"column":null}},"8":{"start":{"line":68,"column":47},"end":{"line":68,"column":68}},"9":{"start":{"line":70,"column":38},"end":{"line":70,"column":59}}},"fnMap":{"0":{"name":"Main","decl":{"start":{"line":9,"column":24},"end":{"line":9,"column":31}},"loc":{"start":{"line":9,"column":31},"end":{"line":76,"column":null}},"line":9},"1":{"name":"(anonymous_1)","decl":{"start":{"line":14,"column":22},"end":{"line":14,"column":35}},"loc":{"start":{"line":14,"column":56},"end":{"line":14,"column":78}},"line":14},"2":{"name":"(anonymous_2)","decl":{"start":{"line":19,"column":16},"end":{"line":19,"column":31}},"loc":{"start":{"line":19,"column":31},"end":{"line":19,"column":61}},"line":19},"3":{"name":"(anonymous_3)","decl":{"start":{"line":22,"column":16},"end":{"line":22,"column":31}},"loc":{"start":{"line":22,"column":31},"end":{"line":22,"column":52}},"line":22},"4":{"name":"(anonymous_4)","decl":{"start":{"line":27,"column":23},"end":{"line":27,"column":28}},"loc":{"start":{"line":28,"column":12},"end":{"line":54,"column":null}},"line":28},"5":{"name":"(anonymous_5)","decl":{"start":{"line":65,"column":10},"end":{"line":65,"column":25}},"loc":{"start":{"line":65,"column":25},"end":{"line":65,"column":null}},"line":65},"6":{"name":"(anonymous_6)","decl":{"start":{"line":68,"column":30},"end":{"line":68,"column":47}},"loc":{"start":{"line":68,"column":47},"end":{"line":68,"column":68}},"line":68},"7":{"name":"(anonymous_7)","decl":{"start":{"line":70,"column":21},"end":{"line":70,"column":38}},"loc":{"start":{"line":70,"column":38},"end":{"line":70,"column":59}},"line":70}},"branchMap":{"0":{"loc":{"start":{"line":29,"column":15},"end":{"line":40,"column":15}},"type":"binary-expr","locations":[{"start":{"line":29,"column":15},"end":{"line":29,"column":null}},{"start":{"line":30,"column":16},"end":{"line":40,"column":15}}],"line":29},"1":{"loc":{"start":{"line":58,"column":7},"end":{"line":72,"column":null}},"type":"binary-expr","locations":[{"start":{"line":58,"column":7},"end":{"line":58,"column":null}},{"start":{"line":59,"column":8},"end":{"line":72,"column":null}}],"line":58},"2":{"loc":{"start":{"line":61,"column":12},"end":{"line":63,"column":null}},"type":"cond-expr","locations":[{"start":{"line":62,"column":16},"end":{"line":62,"column":null}},{"start":{"line":63,"column":16},"end":{"line":63,"column":null}}],"line":61},"3":{"loc":{"start":{"line":67,"column":11},"end":{"line":70,"column":null}},"type":"cond-expr","locations":[{"start":{"line":68,"column":12},"end":{"line":70,"column":13}},{"start":{"line":70,"column":12},"end":{"line":70,"column":null}}],"line":67}},"s":{"0":3,"1":3,"2":6,"3":3,"4":0,"5":0,"6":0,"7":0,"8":0,"9":0},"f":{"0":3,"1":6,"2":0,"3":0,"4":0,"5":0,"6":0,"7":0},"b":{"0":[0,0],"1":[3,0],"2":[0,0],"3":[0,0]},"meta":{"lastBranch":4,"lastFunction":8,"lastStatement":10,"seen":{"f:9:24:9:31":0,"s:10:20:12:Infinity":0,"s:14:8:14:Infinity":1,"f:14:22:14:35":1,"s:14:56:14:78":2,"s:16:2:74:Infinity":3,"f:19:16:19:31":2,"s:19:31:19:61":4,"f:22:16:22:31":3,"s:22:31:22:52":5,"f:27:23:27:28":4,"s:28:12:54:Infinity":6,"b:29:15:29:Infinity:30:16:40:15":0,"b:58:7:58:Infinity:59:8:72:Infinity":1,"b:62:16:62:Infinity:63:16:63:Infinity":2,"f:65:10:65:25":5,"s:65:25:65:Infinity":7,"b:68:12:70:13:70:12:70:Infinity":3,"f:68:30:68:47":6,"s:68:47:68:68":8,"f:70:21:70:38":7,"s:70:38:70:59":9}}}
,"C:\\Users\\Natasha\\Desktop\\Forms\\src\\components\\main\\main.css": {"path":"C:\\Users\\Natasha\\Desktop\\Forms\\src\\components\\main\\main.css","statementMap":{},"fnMap":{},"branchMap":{},"s":{},"f":{},"b":{},"meta":{"lastBranch":0,"lastFunction":0,"lastStatement":0,"seen":{}}}
,"C:\\Users\\Natasha\\Desktop\\Forms\\src\\store\\countrySlice.ts": {"path":"C:\\Users\\Natasha\\Desktop\\Forms\\src\\store\\countrySlice.ts","statementMap":{"0":{"start":{"line":7,"column":37},"end":{"line":26,"column":null}},"1":{"start":{"line":28,"column":6},"end":{"line":32,"column":null}}},"fnMap":{},"branchMap":{},"s":{"0":3,"1":3},"f":{},"b":{},"meta":{"lastBranch":0,"lastFunction":0,"lastStatement":2,"seen":{"s:7:37:26:Infinity":0,"s:28:6:32:Infinity":1}}}
,"C:\\Users\\Natasha\\Desktop\\Forms\\src\\store\\formSlice.ts": {"path":"C:\\Users\\Natasha\\Desktop\\Forms\\src\\store\\formSlice.ts","statementMap":{"0":{"start":{"line":15,"column":32},"end":{"line":17,"column":null}},"1":{"start":{"line":19,"column":6},"end":{"line":27,"column":null}},"2":{"start":{"line":24,"column":6},"end":{"line":24,"column":null}},"3":{"start":{"line":29,"column":33},"end":{"line":29,"column":null}}},"fnMap":{"0":{"name":"addSubmission","decl":{"start":{"line":23,"column":4},"end":{"line":23,"column":18}},"loc":{"start":{"line":23,"column":60},"end":{"line":25,"column":null}},"line":23}},"branchMap":{},"s":{"0":5,"1":5,"2":2,"3":5},"f":{"0":2},"b":{},"meta":{"lastBranch":0,"lastFunction":1,"lastStatement":4,"seen":{"s:15:32:17:Infinity":0,"s:19:6:27:Infinity":1,"f:23:4:23:18":0,"s:24:6:24:Infinity":2,"s:29:33:29:Infinity":3}}}
,"C:\\Users\\Natasha\\Desktop\\Forms\\src\\store\\store.ts": {"path":"C:\\Users\\Natasha\\Desktop\\Forms\\src\\store\\store.ts","statementMap":{"0":{"start":{"line":5,"column":13},"end":{"line":10,"column":null}}},"fnMap":{},"branchMap":{},"s":{"0":3},"f":{},"b":{},"meta":{"lastBranch":0,"lastFunction":0,"lastStatement":1,"seen":{"s:5:13:10:Infinity":0}}}
,"C:\\Users\\Natasha\\Desktop\\Forms\\src\\utils\\toBase64.ts": {"path":"C:\\Users\\Natasha\\Desktop\\Forms\\src\\utils\\toBase64.ts","statementMap":{"0":{"start":{"line":1,"column":13},"end":{"line":10,"column":null}},"1":{"start":{"line":2,"column":2},"end":{"line":9,"column":null}},"2":{"start":{"line":3,"column":19},"end":{"line":3,"column":null}},"3":{"start":{"line":5,"column":4},"end":{"line":5,"column":null}},"4":{"start":{"line":7,"column":4},"end":{"line":7,"column":null}},"5":{"start":{"line":7,"column":26},"end":{"line":7,"column":null}},"6":{"start":{"line":8,"column":4},"end":{"line":8,"column":null}}},"fnMap":{"0":{"name":"(anonymous_0)","decl":{"start":{"line":1,"column":13},"end":{"line":1,"column":25}},"loc":{"start":{"line":1,"column":57},"end":{"line":10,"column":null}},"line":1},"1":{"name":"(anonymous_1)","decl":{"start":{"line":2,"column":13},"end":{"line":2,"column":22}},"loc":{"start":{"line":2,"column":42},"end":{"line":9,"column":3}},"line":2},"2":{"name":"(anonymous_2)","decl":{"start":{"line":7,"column":11},"end":{"line":7,"column":26}},"loc":{"start":{"line":7,"column":26},"end":{"line":7,"column":null}},"line":7}},"branchMap":{},"s":{"0":4,"1":1,"2":1,"3":1,"4":1,"5":1,"6":1},"f":{"0":1,"1":1,"2":1},"b":{},"meta":{"lastBranch":0,"lastFunction":3,"lastStatement":7,"seen":{"s:1:13:10:Infinity":0,"f:1:13:1:25":0,"s:2:2:9:Infinity":1,"f:2:13:2:22":1,"s:3:19:3:Infinity":2,"s:5:4:5:Infinity":3,"s:7:4:7:Infinity":4,"f:7:11:7:26":2,"s:7:26:7:Infinity":5,"s:8:4:8:Infinity":6}}}
,"C:\\Users\\Natasha\\Desktop\\Forms\\src\\validation\\validation.ts": {"path":"C:\\Users\\Natasha\\Desktop\\Forms\\src\\validation\\validation.ts","statementMap":{"0":{"start":{"line":3,"column":13},"end":{"line":60,"column":null}},"1":{"start":{"line":4,"column":2},"end":{"line":60,"column":null}},"2":{"start":{"line":9,"column":27},"end":{"line":9,"column":65}},"3":{"start":{"line":19,"column":24},"end":{"line":19,"column":null}},"4":{"start":{"line":21,"column":10},"end":{"line":21,"column":null}},"5":{"start":{"line":21,"column":34},"end":{"line":21,"column":null}},"6":{"start":{"line":23,"column":38},"end":{"line":23,"column":null}},"7":{"start":{"line":25,"column":10},"end":{"line":25,"column":null}},"8":{"start":{"line":25,"column":26},"end":{"line":25,"column":null}},"9":{"start":{"line":27,"column":10},"end":{"line":27,"column":null}},"10":{"start":{"line":27,"column":37},"end":{"line":27,"column":null}},"11":{"start":{"line":29,"column":10},"end":{"line":29,"column":null}},"12":{"start":{"line":39,"column":27},"end":{"line":39,"column":54}},"13":{"start":{"line":57,"column":22},"end":{"line":57,"column":62}}},"fnMap":{"0":{"name":"(anonymous_0)","decl":{"start":{"line":3,"column":13},"end":{"line":3,"column":33}},"loc":{"start":{"line":4,"column":2},"end":{"line":60,"column":null}},"line":4},"1":{"name":"(anonymous_1)","decl":{"start":{"line":9,"column":9},"end":{"line":9,"column":17}},"loc":{"start":{"line":9,"column":27},"end":{"line":9,"column":65}},"line":9},"2":{"name":"(anonymous_2)","decl":{"start":{"line":17,"column":24},"end":{"line":17,"column":null}},"loc":{"start":{"line":18,"column":19},"end":{"line":30,"column":null}},"line":18},"3":{"name":"(anonymous_3)","decl":{"start":{"line":39,"column":9},"end":{"line":39,"column":17}},"loc":{"start":{"line":39,"column":27},"end":{"line":39,"column":54}},"line":39},"4":{"name":"(anonymous_4)","decl":{"start":{"line":57,"column":5},"end":{"line":57,"column":13}},"loc":{"start":{"line":57,"column":22},"end":{"line":57,"column":62}},"line":57}},"branchMap":{"0":{"loc":{"start":{"line":21,"column":10},"end":{"line":21,"column":null}},"type":"if","locations":[{"start":{"line":21,"column":10},"end":{"line":21,"column":null}},{"start":{},"end":{}}],"line":21},"1":{"loc":{"start":{"line":25,"column":10},"end":{"line":25,"column":null}},"type":"if","locations":[{"start":{"line":25,"column":10},"end":{"line":25,"column":null}},{"start":{},"end":{}}],"line":25},"2":{"loc":{"start":{"line":27,"column":10},"end":{"line":27,"column":null}},"type":"if","locations":[{"start":{"line":27,"column":10},"end":{"line":27,"column":null}},{"start":{},"end":{}}],"line":27}},"s":{"0":5,"1":15,"2":55,"3":55,"4":55,"5":14,"6":41,"7":41,"8":0,"9":41,"10":5,"11":36,"12":55,"13":7},"f":{"0":15,"1":55,"2":55,"3":55,"4":7},"b":{"0":[14,41],"1":[0,41],"2":[5,36]},"meta":{"lastBranch":3,"lastFunction":5,"lastStatement":14,"seen":{"s:3:13:60:Infinity":0,"f:3:13:3:33":0,"s:4:2:60:Infinity":1,"f:9:9:9:17":1,"s:9:27:9:65":2,"f:17:24:17:Infinity":2,"s:19:24:19:Infinity":3,"b:21:10:21:Infinity:undefined:undefined:undefined:undefined":0,"s:21:10:21:Infinity":4,"s:21:34:21:Infinity":5,"s:23:38:23:Infinity":6,"b:25:10:25:Infinity:undefined:undefined:undefined:undefined":1,"s:25:10:25:Infinity":7,"s:25:26:25:Infinity":8,"b:27:10:27:Infinity:undefined:undefined:undefined:undefined":2,"s:27:10:27:Infinity":9,"s:27:37:27:Infinity":10,"s:29:10:29:Infinity":11,"f:39:9:39:17":3,"s:39:27:39:54":12,"f:57:5:57:13":4,"s:57:22:57:62":13}}}
}
